Added Component: Designator=C2(0603)
Added Component: Designator=C3(0603)
Added Component: Designator=C5(0603)
Added Component: Designator=C6(0603)
Added Component: Designator=D4(LED-0603)
Added Component: Designator=D8(LED-0603)
Added Component: Designator=D9(LED-0603)
Added Component: Designator=L1(L0603)
Added Component: Designator=P1(HDR1X10)
Added Component: Designator=P2(HDR1X10)
Added Component: Designator=P3(HDR1X6)
Added Component: Designator=R1(J1-0603)
Added Component: Designator=R2(J1-0603)
Added Component: Designator=R3(J1-0603)
Added Component: Designator=R4(J1-0603)
Added Component: Designator=R5(J1-0603)
Added Component: Designator=R6(J1-0603)
Added Component: Designator=R7(J1-0603)
Added Component: Designator=R8(J1-0603)
Added Component: Designator=R9(J1-0603)
Added Component: Designator=R10(J1-0603)
Added Component: Designator=R11(J1-0603)
Added Component: Designator=R12(J1-0603)
Added Component: Designator=R13(J1-0603)
Added Component: Designator=R14(J1-0603)
Added Component: Designator=R15(J1-0603)
Added Component: Designator=R16(J1-0603)
Added Component: Designator=R17(J1-0603)
Added Component: Designator=SW1(SW7-SMD-L6.7X2.7X3.2MM)
Added Component: Designator=U1(SOT-23-5)
Added Component: Designator=U2(SOT-23-5)
Added Component: Designator=U3(DFN8G-0.5-3X3MM)
Added Pin To Net: NetName=3.3V Pin=C5-1
Added Pin To Net: NetName=3.3V Pin=D4-+
Added Pin To Net: NetName=3.3V Pin=P1-8
Added Pin To Net: NetName=3.3V Pin=P2-9
Added Pin To Net: NetName=3.3V Pin=R1-2
Added Pin To Net: NetName=3.3V Pin=R3-2
Added Pin To Net: NetName=3.3V Pin=R4-2
Added Pin To Net: NetName=3.3V Pin=U1-4
Added Net: Name=3.3V
Added Pin To Net: NetName=ADC Pin=P1-2
Added Pin To Net: NetName=ADC Pin=R11-2
Added Net: Name=ADC
Added Pin To Net: NetName=CH_PD Pin=P1-3
Added Pin To Net: NetName=CH_PD Pin=R4-1
Added Net: Name=CH_PD
Added Pin To Net: NetName=CTS Pin=P3-5
Added Net: Name=CTS
Added Pin To Net: NetName=DTR Pin=P3-1
Added Pin To Net: NetName=DTR Pin=R14-1
Added Net: Name=DTR
Added Pin To Net: NetName=GND Pin=C2-2
Added Pin To Net: NetName=GND Pin=C3-2
Added Pin To Net: NetName=GND Pin=C5-2
Added Pin To Net: NetName=GND Pin=P1-10
Added Pin To Net: NetName=GND Pin=P2-10
Added Pin To Net: NetName=GND Pin=P3-6
Added Pin To Net: NetName=GND Pin=R6-1
Added Pin To Net: NetName=GND Pin=R8-1
Added Pin To Net: NetName=GND Pin=R9-1
Added Pin To Net: NetName=GND Pin=R10-1
Added Pin To Net: NetName=GND Pin=R13-2
Added Pin To Net: NetName=GND Pin=R16-1
Added Pin To Net: NetName=GND Pin=U1-2
Added Pin To Net: NetName=GND Pin=U2-2
Added Pin To Net: NetName=GND Pin=U3-1
Added Pin To Net: NetName=GND Pin=U3-3
Added Net: Name=GND
Added Pin To Net: NetName=GPIO0 Pin=P2-5
Added Pin To Net: NetName=GPIO0 Pin=R5-1
Added Net: Name=GPIO0
Added Pin To Net: NetName=GPIO2 Pin=P2-6
Added Pin To Net: NetName=GPIO2 Pin=R3-1
Added Net: Name=GPIO2
Added Pin To Net: NetName=GPIO4/SDA Pin=P2-4
Added Pin To Net: NetName=GPIO4/SDA Pin=U2-3
Added Net: Name=GPIO4/SDA
Added Pin To Net: NetName=GPIO5/SCL Pin=P2-3
Added Pin To Net: NetName=GPIO5/SCL Pin=R2-1
Added Net: Name=GPIO5/SCL
Added Pin To Net: NetName=GPIO12/MISO Pin=P1-6
Added Net: Name=GPIO12/MISO
Added Pin To Net: NetName=GPIO13/MOSI Pin=P1-7
Added Net: Name=GPIO13/MOSI
Added Pin To Net: NetName=GPIO14/SCK Pin=P1-5
Added Net: Name=GPIO14/SCK
Added Pin To Net: NetName=GPIO15 Pin=P2-7
Added Pin To Net: NetName=GPIO15 Pin=R6-2
Added Net: Name=GPIO15
Added Pin To Net: NetName=GPIO16 Pin=P1-4
Added Net: Name=GPIO16
Added Pin To Net: NetName=NetC4_1 Pin=SW1-COM
Added Pin To Net: NetName=NetC4_1 Pin=U1-1
Added Pin To Net: NetName=NetC4_1 Pin=U1-3
Added Net: Name=NetC4_1
Added Pin To Net: NetName=NetC6_1 Pin=C6-1
Added Pin To Net: NetName=NetC6_1 Pin=L1-2
Added Pin To Net: NetName=NetC6_1 Pin=U2-5
Added Net: Name=NetC6_1
Added Pin To Net: NetName=NetC6_2 Pin=C6-2
Added Pin To Net: NetName=NetC6_2 Pin=U2-1
Added Net: Name=NetC6_2
Added Net: Name=NetD1_2-DOUT
Added Pin To Net: NetName=NetD1_4-DIN Pin=R2-2
Added Net: Name=NetD1_4-DIN
Added Net: Name=NetD2_2-DOUT
Added Pin To Net: NetName=NetD4_- Pin=D4--
Added Pin To Net: NetName=NetD4_- Pin=R5-2
Added Net: Name=NetD4_-
Added Pin To Net: NetName=NetD5_K Pin=R8-2
Added Net: Name=NetD5_K
Added Pin To Net: NetName=NetD6_K Pin=R9-2
Added Net: Name=NetD6_K
Added Pin To Net: NetName=NetD7_K Pin=R10-2
Added Net: Name=NetD7_K
Added Pin To Net: NetName=NetD8_A Pin=R17-2
Added Net: Name=NetD8_A
Added Pin To Net: NetName=NetD8_C Pin=U3-6
Added Net: Name=NetD8_C
Added Pin To Net: NetName=NetD9_C Pin=U3-7
Added Net: Name=NetD9_C
Added Pin To Net: NetName=NetQ1_1 Pin=R14-2
Added Net: Name=NetQ1_1
Added Pin To Net: NetName=NetQ2_1 Pin=R12-2
Added Net: Name=NetQ2_1
Added Pin To Net: NetName=NetR7_1 Pin=R7-1
Added Pin To Net: NetName=NetR7_1 Pin=R11-1
Added Pin To Net: NetName=NetR7_1 Pin=R13-1
Added Net: Name=NetR7_1
Added Pin To Net: NetName=NetR15_1 Pin=R15-1
Added Pin To Net: NetName=NetR15_1 Pin=U3-5
Added Pin To Net: NetName=NetR15_1 Pin=U3-8
Added Net: Name=NetR15_1
Added Pin To Net: NetName=NetR16_2 Pin=R16-2
Added Pin To Net: NetName=NetR16_2 Pin=U3-2
Added Net: Name=NetR16_2
Added Pin To Net: NetName=RESET Pin=P1-1
Added Pin To Net: NetName=RESET Pin=R1-1
Added Net: Name=RESET
Added Pin To Net: NetName=RTS Pin=R12-1
Added Net: Name=RTS
Added Pin To Net: NetName=RXD Pin=P2-2
Added Pin To Net: NetName=RXD Pin=P3-3
Added Net: Name=RXD
Added Pin To Net: NetName=TXD Pin=P2-1
Added Pin To Net: NetName=TXD Pin=P3-2
Added Net: Name=TXD
Added Pin To Net: NetName=VBAT Pin=C2-1
Added Pin To Net: NetName=VBAT Pin=C3-1
Added Pin To Net: NetName=VBAT Pin=L1-1
Added Pin To Net: NetName=VBAT Pin=P1-9
Added Pin To Net: NetName=VBAT Pin=R7-2
Added Pin To Net: NetName=VBAT Pin=R15-2
Added Pin To Net: NetName=VBAT Pin=SW1-B
Added Pin To Net: NetName=VBAT Pin=U2-4
Added Net: Name=VBAT
Added Pin To Net: NetName=VBUS Pin=P2-8
Added Pin To Net: NetName=VBUS Pin=P3-4
Added Pin To Net: NetName=VBUS Pin=R17-1
Added Pin To Net: NetName=VBUS Pin=SW1-A
Added Pin To Net: NetName=VBUS Pin=U3-4
Added Net: Name=VBUS
Added Class: Name=Smart_Umbrella
Added Room: Name=Smart_Umbrella
