Added Component: Designator=C1(0805)
Added Component: Designator=C4(0805)
Added Component: Designator=C7(0805)
Added Component: Designator=C8(0805)
Added Component: Designator=C9(0805)
Added Component: Designator=C10(0805)
Added Component: Designator=C11(0805)
Added Component: Designator=D1(WS2812B)
Added Component: Designator=D2(WS2812B)
Added Component: Designator=D3(WS2812B)
Added Component: Designator=D5(LED_5MM)
Added Component: Designator=D6(LED_5MM)
Added Component: Designator=D7(LED_5MM)
Added Component: Designator=J1(JST-2-SMD)
Added Component: Designator=Q1(SOT23-3)
Added Component: Designator=Q2(SOT23-3)
Added Component: Designator=SW2(KMR2)
Added Component: Designator=X1(ESP-12)
Added Pin To Net: NetName=VBAT Pin=C1-1
Added Pin To Net: NetName=GND Pin=C1-2
Added Pin To Net: NetName=NetC4_1 Pin=C4-1
Added Pin To Net: NetName=GND Pin=C4-2
Added Pin To Net: NetName=VBAT Pin=C7-1
Added Pin To Net: NetName=GND Pin=C7-2
Added Pin To Net: NetName=NetC6_2 Pin=C8-1
Added Pin To Net: NetName=GND Pin=C8-2
Added Pin To Net: NetName=NetC6_2 Pin=C9-1
Added Pin To Net: NetName=GND Pin=C9-2
Added Pin To Net: NetName=VBAT Pin=C10-1
Added Pin To Net: NetName=GND Pin=C10-2
Added Pin To Net: NetName=VBUS Pin=C11-1
Added Pin To Net: NetName=GND Pin=C11-2
Added Pin To Net: NetName=NetC6_2 Pin=D5-A
Added Pin To Net: NetName=NetD5_K Pin=D5-K
Added Pin To Net: NetName=NetC6_2 Pin=D6-A
Added Pin To Net: NetName=NetD6_K Pin=D6-K
Added Pin To Net: NetName=NetC6_2 Pin=D7-A
Added Pin To Net: NetName=NetD7_K Pin=D7-K
Added Pin To Net: NetName=GND Pin=J1-1
Added Pin To Net: NetName=VBAT Pin=J1-2
Added Pin To Net: NetName=NetQ1_1 Pin=Q1-1
Added Pin To Net: NetName=RTS Pin=Q1-2
Added Pin To Net: NetName=RESET Pin=Q1-3
Added Pin To Net: NetName=NetQ2_1 Pin=Q2-1
Added Pin To Net: NetName=DTR Pin=Q2-2
Added Pin To Net: NetName=GPIO0 Pin=Q2-3
Added Pin To Net: NetName=GND Pin=SW2-1
Added Pin To Net: NetName=RESET Pin=SW2-2
Added Pin To Net: NetName=GND Pin=SW2-3
Added Pin To Net: NetName=RESET Pin=SW2-4
Added Pin To Net: NetName=RESET Pin=X1-1
Added Pin To Net: NetName=ADC Pin=X1-2
Added Pin To Net: NetName=CH_PD Pin=X1-3
Added Pin To Net: NetName=GPIO16 Pin=X1-4
Added Pin To Net: NetName=GPIO14/SCK Pin=X1-5
Added Pin To Net: NetName=GPIO12/MISO Pin=X1-6
Added Pin To Net: NetName=GPIO13/MOSI Pin=X1-7
Added Pin To Net: NetName=3.3V Pin=X1-8
Added Pin To Net: NetName=GND Pin=X1-9
Added Pin To Net: NetName=GPIO15 Pin=X1-10
Added Pin To Net: NetName=GPIO2 Pin=X1-11
Added Pin To Net: NetName=GPIO0 Pin=X1-12
Added Pin To Net: NetName=GPIO4/SDA Pin=X1-13
Added Pin To Net: NetName=GPIO5/SCL Pin=X1-14
Added Pin To Net: NetName=RXD Pin=X1-15
Added Pin To Net: NetName=TXD Pin=X1-16
Added Member To Class: ClassName=Smart_Umbrella Member=Component C1 10µF
Added Member To Class: ClassName=Smart_Umbrella Member=Component C4 0.1µF
Added Member To Class: ClassName=Smart_Umbrella Member=Component C7 4.7µF
Added Member To Class: ClassName=Smart_Umbrella Member=Component C8 22µF
Added Member To Class: ClassName=Smart_Umbrella Member=Component C9 22µF
Added Member To Class: ClassName=Smart_Umbrella Member=Component C10 4.7µF
Added Member To Class: ClassName=Smart_Umbrella Member=Component C11 22µF
Added Member To Class: ClassName=Smart_Umbrella Member=Component D1 WS2812B5050
Added Member To Class: ClassName=Smart_Umbrella Member=Component D2 WS2812B5050
Added Member To Class: ClassName=Smart_Umbrella Member=Component D3 WS2812B5050
Added Member To Class: ClassName=Smart_Umbrella Member=Component D5 LED
Added Member To Class: ClassName=Smart_Umbrella Member=Component D6 LED
Added Member To Class: ClassName=Smart_Umbrella Member=Component D7 LED
Added Member To Class: ClassName=Smart_Umbrella Member=Component J1 JSTPH
Added Member To Class: ClassName=Smart_Umbrella Member=Component Q1 MMBT3904L
Added Member To Class: ClassName=Smart_Umbrella Member=Component Q2 MMBT3904L
Added Member To Class: ClassName=Smart_Umbrella Member=Component SW2 DHT-4235A
Added Member To Class: ClassName=Smart_Umbrella Member=Component X1 ESP-12
