Added Component: Designator=D4(SOD-123)
Added Component: Designator=D5(WS2812B)
Added Component: Designator=D6(WS2812B)
Added Component: Designator=D7(WS2812B)
Added Component: Designator=D8(LED_5MM)
Added Component: Designator=D9(LED_5MM)
Added Component: Designator=D10(LED_5MM)
Added Component: Designator=P?(HDR1X6)
Added Component: Designator=Q1(SOT23-3)
Added Component: Designator=Q2(SOT23-3)
Added Component: Designator=Q3(SOT23-3)
Added Component: Designator=U2(SOT23-5)
Added Component: Designator=U3(SOT23-5)
Added Component: Designator=U$34(FIDUCIAL_1MM)
Added Component: Designator=U$35(FIDUCIAL_1MM)
Added Pin To Net: NetName=VBAT Pin=D4-A
Added Pin To Net: NetName=VBUS Pin=D4-C
Added Pin To Net: NetName=VBAT Pin=D5-1-VDD
Added Pin To Net: NetName=GND Pin=D5-3-GND
Added Pin To Net: NetName=VBAT Pin=D6-1-VDD
Added Pin To Net: NetName=GND Pin=D6-3-GND
Added Pin To Net: NetName=VBAT Pin=D7-1-VDD
Added Pin To Net: NetName=GND Pin=D7-3-GND
Added Pin To Net: NetName=VBAT Pin=D8-A
Added Pin To Net: NetName=VBAT Pin=D9-A
Added Pin To Net: NetName=VBAT Pin=D10-A
Added Pin To Net: NetName=DTR Pin=P?-1
Added Pin To Net: NetName=TXD Pin=P?-2
Added Pin To Net: NetName=RXD Pin=P?-3
Added Pin To Net: NetName=VBUS Pin=P?-4
Added Pin To Net: NetName=GND Pin=P?-6
Added Pin To Net: NetName=RTS Pin=Q1-2
Added Pin To Net: NetName=RESET Pin=Q1-3
Added Pin To Net: NetName=DTR Pin=Q2-2
Added Pin To Net: NetName=GPIO0 Pin=Q2-3
Added Pin To Net: NetName=GND Pin=Q3-2
Added Pin To Net: NetName=VBUS Pin=U2-1
Added Pin To Net: NetName=GND Pin=U2-2
Added Pin To Net: NetName=EN Pin=U2-3
Added Pin To Net: NetName=3.3V Pin=U2-5
Added Pin To Net: NetName=GND Pin=U3-2
Added Pin To Net: NetName=VBUS Pin=U3-4
Added Pin To Net: NetName=CTS Pin=P?-5
Added Net: Name=CTS
Added Net: Name=LED_DAT
Added Net: Name=NetCHG_C
Added Net: Name=NetD3_C
Added Pin To Net: NetName=NetD5_2-DOUT Pin=D5-2-DOUT
Added Pin To Net: NetName=NetD5_2-DOUT Pin=D6-4-DIN
Added Net: Name=NetD5_2-DOUT
Added Pin To Net: NetName=NetD5_4-DIN Pin=D5-4-DIN
Added Net: Name=NetD5_4-DIN
Added Pin To Net: NetName=NetD6_2-DOUT Pin=D6-2-DOUT
Added Pin To Net: NetName=NetD6_2-DOUT Pin=D7-4-DIN
Added Net: Name=NetD6_2-DOUT
Added Pin To Net: NetName=NetD8_K Pin=D8-K
Added Pin To Net: NetName=NetD8_K Pin=D9-K
Added Pin To Net: NetName=NetD8_K Pin=D10-K
Added Net: Name=NetD8_K
Added Pin To Net: NetName=NetQ1_1 Pin=Q1-1
Added Net: Name=NetQ1_1
Added Pin To Net: NetName=NetQ2_1 Pin=Q2-1
Added Net: Name=NetQ2_1
Added Pin To Net: NetName=NetQ3_1 Pin=Q3-1
Added Net: Name=NetQ3_1
Added Pin To Net: NetName=NetQ3_3 Pin=Q3-3
Added Net: Name=NetQ3_3
Added Pin To Net: NetName=NetR2_2 Pin=U3-1
Added Net: Name=NetR2_2
Added Pin To Net: NetName=NetR8_1 Pin=U3-5
Added Net: Name=NetR8_1
Added Pin To Net: NetName=NetSJ1_1 Pin=U3-3
Added Net: Name=NetSJ1_1
Added Class: Name=Adafruit ESP8266 Feather
Added Room: Name=Adafruit ESP8266 Feather
