Remove Pin=R1-1 From Net=CH_PD
Remove Pin=R3-1 From Net=RESET
Remove Pin=R6-2 From Net=GPIO15
Remove Pin=R9-1 From Net=GPIO2
Remove Pin=R10-1 From Net=GPIO0
Remove Pin=R12-2 From Net=LED_DAT
Remove Pin=R13-1 From Net=LED_DAT
Remove Pin=X2-1 From Net=RESET
Remove Pin=X2-2 From Net=ADC
Remove Pin=X2-3 From Net=CH_PD
Remove Pin=X2-4 From Net=GPIO16
Remove Pin=X2-5 From Net=GPIO14/SCK
Remove Pin=X2-6 From Net=GPIO12/MISO
Remove Pin=X2-7 From Net=GPIO13/MOSI
Remove Pin=X2-10 From Net=GPIO15
Remove Pin=X2-11 From Net=GPIO2
Remove Pin=X2-12 From Net=GPIO0
Remove Pin=X2-13 From Net=GPIO4/SDA
Remove Pin=X2-14 From Net=GPIO5/SCL
Remove Pin=X2-15 From Net=RXD
Remove Pin=X2-16 From Net=TXD
