Removed Pin From Net: NetName=NetC4_1 Pin=C4-1
Removed Pin From Net: NetName=VBAT Pin=C10-1
Removed Pin From Net: NetName=VBAT Pin=J1-2
Removed Pin From Net: NetName=VBAT Pin=P1-9
Removed Pin From Net: NetName=VBAT Pin=R7-2
Removed Pin From Net: NetName=VBAT Pin=R15-2
Removed Pin From Net: NetName=VBAT Pin=SW1-B
Removed Pin From Net: NetName=NetC4_1 Pin=SW1-COM
Removed Pin From Net: NetName=NetC4_1 Pin=U1-1
Removed Pin From Net: NetName=NetC4_1 Pin=U1-3
Added Pin To Net: NetName=VBAT Pin=C4-1
Added Pin To Net: NetName=NetC4_1 Pin=C10-1
Added Pin To Net: NetName=NetC4_1 Pin=J1-2
Added Pin To Net: NetName=NetC4_1 Pin=P1-9
Added Pin To Net: NetName=NetC4_1 Pin=R7-2
Added Pin To Net: NetName=NetC4_1 Pin=R15-2
Added Pin To Net: NetName=NetC4_1 Pin=SW1-B
Added Pin To Net: NetName=VBAT Pin=SW1-COM
Added Pin To Net: NetName=VBAT Pin=U1-1
Added Pin To Net: NetName=VBAT Pin=U1-3
Change Net Name : Old Net Name=NetC4_1 New Net Name=VBAT
Change Net Name : Old Net Name=VBAT New Net Name=VIN
Added Room: Name=Smart_Umbrella
