Removed Pin From Net: NetName=DTR Pin=R4-1
Removed Pin From Net: NetName=NetQ1_1 Pin=R4-2
Removed Pin From Net: NetName=RTS Pin=R5-1
Removed Pin From Net: NetName=NetQ2_1 Pin=R5-2
Added Component: Designator=D5(LED_5MM)
Added Component: Designator=D6(LED_5MM)
Added Component: Designator=D7(LED_5MM)
Added Component: Designator=Q3(SOT23-3)
Added Component: Designator=R9(J1-0603)
Added Component: Designator=R10(J1-0603)
Added Component: Designator=U1(SOT23-5)
Added Pin To Net: NetName=VBAT Pin=D5-A
Added Pin To Net: NetName=NetD5_K Pin=D5-K
Added Pin To Net: NetName=VBAT Pin=D6-A
Added Pin To Net: NetName=NetD5_K Pin=D6-K
Added Pin To Net: NetName=VBAT Pin=D7-A
Added Pin To Net: NetName=NetD5_K Pin=D7-K
Added Pin To Net: NetName=NetQ3_1 Pin=Q3-1
Added Pin To Net: NetName=GND Pin=Q3-2
Added Pin To Net: NetName=NetQ3_3 Pin=Q3-3
Added Pin To Net: NetName=NetQ3_3 Pin=R4-1
Added Pin To Net: NetName=NetD5_K Pin=R4-2
Added Pin To Net: NetName=LED_DAT Pin=R5-1
Added Pin To Net: NetName=NetQ3_1 Pin=R5-2
Added Pin To Net: NetName=RTS Pin=R5-1
Added Pin To Net: NetName=NetQ2_1 Pin=R5-2
Added Pin To Net: NetName=DTR Pin=R4-1
Added Pin To Net: NetName=NetQ1_1 Pin=R4-2
Added Pin To Net: NetName=VBUS Pin=U1-1
Added Pin To Net: NetName=GND Pin=U1-2
Added Pin To Net: NetName=NetR3_1 Pin=U1-3
Added Pin To Net: NetName=3.3V Pin=U1-5
Added Member To Class: ClassName=Adafruit ESP8266 Feather Member=Component D5 LED 5mm
Added Member To Class: ClassName=Adafruit ESP8266 Feather Member=Component D6 LED 5mm
Added Member To Class: ClassName=Adafruit ESP8266 Feather Member=Component D7 LED 5mm
Added Member To Class: ClassName=Adafruit ESP8266 Feather Member=Component Q3 mmbt2222
Added Member To Class: ClassName=Adafruit ESP8266 Feather Member=Component R9 Res3
Added Member To Class: ClassName=Adafruit ESP8266 Feather Member=Component R10 Res3
Added Member To Class: ClassName=Adafruit ESP8266 Feather Member=Component U1 SPX3819
