Added Component: Designator=1(SOT-23-5)
Added Component: Designator=C1(0805)
Added Component: Designator=C2(0603)
Added Component: Designator=C3(0603)
Added Component: Designator=C4(0805)
Added Component: Designator=C5(0603)
Added Component: Designator=C6(0603)
Added Component: Designator=C7(0805)
Added Component: Designator=C8(0805)
Added Component: Designator=C9(0805)
Added Component: Designator=C10(0805)
Added Component: Designator=C11(0805)
Added Component: Designator=D1(WS2812B)
Added Component: Designator=D2(WS2812B)
Added Component: Designator=D3(WS2812B)
Added Component: Designator=D4(LED-0603)
Added Component: Designator=D5(LED_5MM)
Added Component: Designator=D6(LED_5MM)
Added Component: Designator=D7(LED_5MM)
Added Component: Designator=D8(LED-0603)
Added Component: Designator=D9(LED-0603)
Added Component: Designator=J1(JST-2-SMD)
Added Component: Designator=L1(L0603)
Added Component: Designator=P1(HDR1X10)
Added Component: Designator=P2(HDR1X10)
Added Component: Designator=P3(HDR1X6)
Added Component: Designator=Q1(SOT23-3)
Added Component: Designator=Q2(SOT23-3)
Added Component: Designator=R1(J1-0603)
Added Component: Designator=R2(J1-0603)
Added Component: Designator=R3(J1-0603)
Added Component: Designator=R4(J1-0603)
Added Component: Designator=R5(J1-0603)
Added Component: Designator=R6(J1-0603)
Added Component: Designator=R7(J1-0603)
Added Component: Designator=R8(J1-0603)
Added Component: Designator=R9(J1-0603)
Added Component: Designator=R10(J1-0603)
Added Component: Designator=R11(J1-0603)
Added Component: Designator=R12(J1-0603)
Added Component: Designator=R13(J1-0603)
Added Component: Designator=R14(J1-0603)
Added Component: Designator=R15(J1-0603)
Added Component: Designator=R16(J1-0603)
Added Component: Designator=R17(J1-0603)
Added Component: Designator=SW1(SW7-SMD-L6.7X2.7X3.2MM)
Added Component: Designator=SW2(KMR2)
Added Component: Designator=U2(DFN8G-0.5-3X3MM)
Added Component: Designator=X1(ESP-12)
Added Pin To Net: NetName=GND Pin=1-2
Added Pin To Net: NetName=GPIO12/MISO Pin=1-3
Added Pin To Net: NetName=VBAT Pin=1-4
Added Pin To Net: NetName=VBAT Pin=C1-1
Added Pin To Net: NetName=GND Pin=C1-2
Added Pin To Net: NetName=VBAT Pin=C2-1
Added Pin To Net: NetName=GND Pin=C2-2
Added Pin To Net: NetName=VBAT Pin=C3-1
Added Pin To Net: NetName=GND Pin=C3-2
Added Pin To Net: NetName=GND Pin=C4-2
Added Pin To Net: NetName=3.3V Pin=C5-1
Added Pin To Net: NetName=GND Pin=C5-2
Added Pin To Net: NetName=VBAT Pin=C7-1
Added Pin To Net: NetName=GND Pin=C7-2
Added Pin To Net: NetName=GND Pin=C8-2
Added Pin To Net: NetName=GND Pin=C9-2
Added Pin To Net: NetName=VBAT Pin=C10-1
Added Pin To Net: NetName=GND Pin=C10-2
Added Pin To Net: NetName=VBUS Pin=C11-1
Added Pin To Net: NetName=GND Pin=C11-2
Added Pin To Net: NetName=VBAT Pin=D1-1-VDD
Added Pin To Net: NetName=NetD1_2-DOUT Pin=D1-2-DOUT
Added Pin To Net: NetName=GND Pin=D1-3-GND
Added Pin To Net: NetName=NetD1_4-DIN Pin=D1-4-DIN
Added Pin To Net: NetName=VBAT Pin=D2-1-VDD
Added Pin To Net: NetName=NetD2_2-DOUT Pin=D2-2-DOUT
Added Pin To Net: NetName=GND Pin=D2-3-GND
Added Pin To Net: NetName=NetD1_2-DOUT Pin=D2-4-DIN
Added Pin To Net: NetName=VBAT Pin=D3-1-VDD
Added Pin To Net: NetName=GND Pin=D3-3-GND
Added Pin To Net: NetName=NetD2_2-DOUT Pin=D3-4-DIN
Added Pin To Net: NetName=3.3V Pin=D4-+
Added Pin To Net: NetName=NetD5_K Pin=D5-K
Added Pin To Net: NetName=NetD9_C Pin=D9-C
Added Pin To Net: NetName=GND Pin=J1-1
Added Pin To Net: NetName=VBAT Pin=J1-2
Added Pin To Net: NetName=VBAT Pin=L1-1
Added Pin To Net: NetName=RESET Pin=P1-1
Added Pin To Net: NetName=ADC Pin=P1-2
Added Pin To Net: NetName=CH_PD Pin=P1-3
Added Pin To Net: NetName=GPIO16 Pin=P1-4
Added Pin To Net: NetName=GPIO14/SCK Pin=P1-5
Added Pin To Net: NetName=GPIO12/MISO Pin=P1-6
Added Pin To Net: NetName=GPIO13/MOSI Pin=P1-7
Added Pin To Net: NetName=3.3V Pin=P1-8
Added Pin To Net: NetName=VBAT Pin=P1-9
Added Pin To Net: NetName=GND Pin=P1-10
Added Pin To Net: NetName=TXD Pin=P2-1
Added Pin To Net: NetName=RXD Pin=P2-2
Added Pin To Net: NetName=GPIO5/SCL Pin=P2-3
Added Pin To Net: NetName=GPIO4/SDA Pin=P2-4
Added Pin To Net: NetName=GPIO0 Pin=P2-5
Added Pin To Net: NetName=GPIO2 Pin=P2-6
Added Pin To Net: NetName=GPIO15 Pin=P2-7
Added Pin To Net: NetName=VBUS Pin=P2-8
Added Pin To Net: NetName=3.3V Pin=P2-9
Added Pin To Net: NetName=GND Pin=P2-10
Added Pin To Net: NetName=DTR Pin=P3-1
Added Pin To Net: NetName=TXD Pin=P3-2
Added Pin To Net: NetName=RXD Pin=P3-3
Added Pin To Net: NetName=VBUS Pin=P3-4
Added Pin To Net: NetName=CTS Pin=P3-5
Added Pin To Net: NetName=GND Pin=P3-6
Added Pin To Net: NetName=NetQ1_1 Pin=Q1-1
Added Pin To Net: NetName=RTS Pin=Q1-2
Added Pin To Net: NetName=RESET Pin=Q1-3
Added Pin To Net: NetName=NetQ2_1 Pin=Q2-1
Added Pin To Net: NetName=DTR Pin=Q2-2
Added Pin To Net: NetName=GPIO0 Pin=Q2-3
Added Pin To Net: NetName=RESET Pin=R1-1
Added Pin To Net: NetName=3.3V Pin=R1-2
Added Pin To Net: NetName=GPIO12/MISO Pin=R2-1
Added Pin To Net: NetName=NetD1_4-DIN Pin=R2-2
Added Pin To Net: NetName=GPIO2 Pin=R3-1
Added Pin To Net: NetName=3.3V Pin=R3-2
Added Pin To Net: NetName=CH_PD Pin=R4-1
Added Pin To Net: NetName=3.3V Pin=R4-2
Added Pin To Net: NetName=GPIO0 Pin=R5-1
Added Pin To Net: NetName=GND Pin=R6-1
Added Pin To Net: NetName=GPIO15 Pin=R6-2
Added Pin To Net: NetName=GND Pin=R7-1
Added Pin To Net: NetName=NetD5_K Pin=R7-2
Added Pin To Net: NetName=GND Pin=R8-1
Added Pin To Net: NetName=GND Pin=R9-1
Added Pin To Net: NetName=VBAT Pin=R10-2
Added Pin To Net: NetName=ADC Pin=R11-2
Added Pin To Net: NetName=RTS Pin=R12-1
Added Pin To Net: NetName=NetQ2_1 Pin=R12-2
Added Pin To Net: NetName=GND Pin=R13-2
Added Pin To Net: NetName=DTR Pin=R14-1
Added Pin To Net: NetName=NetQ1_1 Pin=R14-2
Added Pin To Net: NetName=VBAT Pin=R15-2
Added Pin To Net: NetName=GND Pin=R16-1
Added Pin To Net: NetName=VBUS Pin=R17-1
Added Pin To Net: NetName=VBUS Pin=SW1-A
Added Pin To Net: NetName=VBAT Pin=SW1-B
Added Pin To Net: NetName=GND Pin=SW2-1
Added Pin To Net: NetName=RESET Pin=SW2-2
Added Pin To Net: NetName=GND Pin=SW2-3
Added Pin To Net: NetName=RESET Pin=SW2-4
Added Pin To Net: NetName=GND Pin=U2-1
Added Pin To Net: NetName=GND Pin=U2-3
Added Pin To Net: NetName=VBUS Pin=U2-4
Added Pin To Net: NetName=NetD9_C Pin=U2-7
Added Pin To Net: NetName=RESET Pin=X1-1
Added Pin To Net: NetName=ADC Pin=X1-2
Added Pin To Net: NetName=CH_PD Pin=X1-3
Added Pin To Net: NetName=GPIO16 Pin=X1-4
Added Pin To Net: NetName=GPIO14/SCK Pin=X1-5
Added Pin To Net: NetName=GPIO12/MISO Pin=X1-6
Added Pin To Net: NetName=GPIO13/MOSI Pin=X1-7
Added Pin To Net: NetName=3.3V Pin=X1-8
Added Pin To Net: NetName=GND Pin=X1-9
Added Pin To Net: NetName=GPIO15 Pin=X1-10
Added Pin To Net: NetName=GPIO2 Pin=X1-11
Added Pin To Net: NetName=GPIO0 Pin=X1-12
Added Pin To Net: NetName=GPIO4/SDA Pin=X1-13
Added Pin To Net: NetName=GPIO5/SCL Pin=X1-14
Added Pin To Net: NetName=RXD Pin=X1-15
Added Pin To Net: NetName=TXD Pin=X1-16
Added Pin To Net: NetName=Net1_1 Pin=1-1
Added Pin To Net: NetName=Net1_1 Pin=C6-2
Added Pin To Net: NetName=Net1_1 Pin=C8-1
Added Pin To Net: NetName=Net1_1 Pin=C9-1
Added Pin To Net: NetName=Net1_1 Pin=D5-A
Added Pin To Net: NetName=Net1_1 Pin=D6-A
Added Pin To Net: NetName=Net1_1 Pin=D7-A
Added Net: Name=Net1_1
Added Pin To Net: NetName=Net1_5 Pin=1-5
Added Pin To Net: NetName=Net1_5 Pin=C6-1
Added Pin To Net: NetName=Net1_5 Pin=L1-2
Added Net: Name=Net1_5
Added Pin To Net: NetName=NetC4_1 Pin=C4-1
Added Pin To Net: NetName=NetC4_1 Pin=SW1-COM
Added Net: Name=NetC4_1
Added Pin To Net: NetName=NetD4_- Pin=D4--
Added Pin To Net: NetName=NetD4_- Pin=R5-2
Added Net: Name=NetD4_-
Added Pin To Net: NetName=NetD6_K Pin=D6-K
Added Pin To Net: NetName=NetD6_K Pin=R8-2
Added Net: Name=NetD6_K
Added Pin To Net: NetName=NetD7_K Pin=D7-K
Added Pin To Net: NetName=NetD7_K Pin=R9-2
Added Net: Name=NetD7_K
Added Pin To Net: NetName=NetD8_A Pin=D8-A
Added Pin To Net: NetName=NetD8_A Pin=D9-A
Added Pin To Net: NetName=NetD8_A Pin=R17-2
Added Net: Name=NetD8_A
Added Pin To Net: NetName=NetD8_C Pin=D8-C
Added Pin To Net: NetName=NetD8_C Pin=U2-6
Added Net: Name=NetD8_C
Added Pin To Net: NetName=NetR10_1 Pin=R10-1
Added Pin To Net: NetName=NetR10_1 Pin=R11-1
Added Pin To Net: NetName=NetR10_1 Pin=R13-1
Added Net: Name=NetR10_1
Added Pin To Net: NetName=NetR15_1 Pin=R15-1
Added Pin To Net: NetName=NetR15_1 Pin=U2-5
Added Pin To Net: NetName=NetR15_1 Pin=U2-8
Added Net: Name=NetR15_1
Added Pin To Net: NetName=NetR16_2 Pin=R16-2
Added Pin To Net: NetName=NetR16_2 Pin=U2-2
Added Net: Name=NetR16_2
Added Member To Class: ClassName=Adafruit ESP8266 Feather Member=Component 1 ETA1036-50S2F
Added Member To Class: ClassName=Adafruit ESP8266 Feather Member=Component C1 10µF
Added Member To Class: ClassName=Adafruit ESP8266 Feather Member=Component C2 1µF
Added Member To Class: ClassName=Adafruit ESP8266 Feather Member=Component C3 1µF
Added Member To Class: ClassName=Adafruit ESP8266 Feather Member=Component C4 0.1µF
Added Member To Class: ClassName=Adafruit ESP8266 Feather Member=Component C5 1µF
Added Member To Class: ClassName=Adafruit ESP8266 Feather Member=Component C6 2.2nF
Added Member To Class: ClassName=Adafruit ESP8266 Feather Member=Component C7 4.7µF
Added Member To Class: ClassName=Adafruit ESP8266 Feather Member=Component C8 22µF
Added Member To Class: ClassName=Adafruit ESP8266 Feather Member=Component C9 22µF
Added Member To Class: ClassName=Adafruit ESP8266 Feather Member=Component C10 4.7µF
Added Member To Class: ClassName=Adafruit ESP8266 Feather Member=Component C11 22µF
Added Member To Class: ClassName=Adafruit ESP8266 Feather Member=Component D1 WS2812B5050
Added Member To Class: ClassName=Adafruit ESP8266 Feather Member=Component D2 WS2812B5050
Added Member To Class: ClassName=Adafruit ESP8266 Feather Member=Component D3 WS2812B5050
Added Member To Class: ClassName=Adafruit ESP8266 Feather Member=Component D4 Red
Added Member To Class: ClassName=Adafruit ESP8266 Feather Member=Component D5 LED
Added Member To Class: ClassName=Adafruit ESP8266 Feather Member=Component D6 LED
Added Member To Class: ClassName=Adafruit ESP8266 Feather Member=Component D7 LED
Added Member To Class: ClassName=Adafruit ESP8266 Feather Member=Component D8 Green
Added Member To Class: ClassName=Adafruit ESP8266 Feather Member=Component D9 Orange
Added Member To Class: ClassName=Adafruit ESP8266 Feather Member=Component J1 JSTPH
Added Member To Class: ClassName=Adafruit ESP8266 Feather Member=Component L1 6.8µH
Added Member To Class: ClassName=Adafruit ESP8266 Feather Member=Component P1 Header 10
Added Member To Class: ClassName=Adafruit ESP8266 Feather Member=Component P2 Header 10
Added Member To Class: ClassName=Adafruit ESP8266 Feather Member=Component P3 Header 6
Added Member To Class: ClassName=Adafruit ESP8266 Feather Member=Component Q1 MMBT3904L
Added Member To Class: ClassName=Adafruit ESP8266 Feather Member=Component Q2 MMBT3904L
Added Member To Class: ClassName=Adafruit ESP8266 Feather Member=Component R1 Res3
Added Member To Class: ClassName=Adafruit ESP8266 Feather Member=Component R2 Res3
Added Member To Class: ClassName=Adafruit ESP8266 Feather Member=Component R3 Res3
Added Member To Class: ClassName=Adafruit ESP8266 Feather Member=Component R4 Res3
Added Member To Class: ClassName=Adafruit ESP8266 Feather Member=Component R5 Res3
Added Member To Class: ClassName=Adafruit ESP8266 Feather Member=Component R6 Res3
Added Member To Class: ClassName=Adafruit ESP8266 Feather Member=Component R7 Res3
Added Member To Class: ClassName=Adafruit ESP8266 Feather Member=Component R8 Res3
Added Member To Class: ClassName=Adafruit ESP8266 Feather Member=Component R9 Res3
Added Member To Class: ClassName=Adafruit ESP8266 Feather Member=Component R10 Res3
Added Member To Class: ClassName=Adafruit ESP8266 Feather Member=Component R11 Res3
Added Member To Class: ClassName=Adafruit ESP8266 Feather Member=Component R12 Res3
Added Member To Class: ClassName=Adafruit ESP8266 Feather Member=Component R13 Res3
Added Member To Class: ClassName=Adafruit ESP8266 Feather Member=Component R14 Res3
Added Member To Class: ClassName=Adafruit ESP8266 Feather Member=Component R15 Res3
Added Member To Class: ClassName=Adafruit ESP8266 Feather Member=Component R16 Res3
Added Member To Class: ClassName=Adafruit ESP8266 Feather Member=Component R17 Res3
Added Member To Class: ClassName=Adafruit ESP8266 Feather Member=Component SW1 MK-12C02
Added Member To Class: ClassName=Adafruit ESP8266 Feather Member=Component SW2 DHT-4235A
Added Member To Class: ClassName=Adafruit ESP8266 Feather Member=Component U2 CN3065
Added Member To Class: ClassName=Adafruit ESP8266 Feather Member=Component X1 ESP-12
Added Room: Name=Adafruit ESP8266 Feather
