Replace Part C1 10UF-0805-10V-10% in C:\Users\malcolm\Documents\GitHub\Umbrella\PCB\Imported Adafruit ESP8266 Feather.PrjPcb\Adafruit ESP8266 Feather.SchDoc with 10UF-0805-10V-10% from SparkFun-Capacitors.SCHLIB
Replace Part C2 10UF-0805-10V-10% in C:\Users\malcolm\Documents\GitHub\Umbrella\PCB\Imported Adafruit ESP8266 Feather.PrjPcb\Adafruit ESP8266 Feather.SchDoc with 10UF-0805-10V-10% from SparkFun-Capacitors.SCHLIB
Replace Part C3 1.0UF-0603-16V-10% in C:\Users\malcolm\Documents\GitHub\Umbrella\PCB\Imported Adafruit ESP8266 Feather.PrjPcb\Adafruit ESP8266 Feather.SchDoc with 1.0UF-0603-16V-10% from SparkFun-Capacitors.SCHLIB
Replace Part C4 10UF-0805-10V-10% in C:\Users\malcolm\Documents\GitHub\Umbrella\PCB\Imported Adafruit ESP8266 Feather.PrjPcb\Adafruit ESP8266 Feather.SchDoc with 10UF-0805-10V-10% from SparkFun-Capacitors.SCHLIB
Replace Part C5 1.0UF-0603-16V-10% in C:\Users\malcolm\Documents\GitHub\Umbrella\PCB\Imported Adafruit ESP8266 Feather.PrjPcb\Adafruit ESP8266 Feather.SchDoc with 1.0UF-0603-16V-10% from SparkFun-Capacitors.SCHLIB
Replace Part C6 1.0UF-0603-16V-10% in C:\Users\malcolm\Documents\GitHub\Umbrella\PCB\Imported Adafruit ESP8266 Feather.PrjPcb\Adafruit ESP8266 Feather.SchDoc with 1.0UF-0603-16V-10% from SparkFun-Capacitors.SCHLIB
Replace Part C7 10UF-0805-10V-10% in C:\Users\malcolm\Documents\GitHub\Umbrella\PCB\Imported Adafruit ESP8266 Feather.PrjPcb\Adafruit ESP8266 Feather.SchDoc with 10UF-0805-10V-10% from SparkFun-Capacitors.SCHLIB
Replace Part D1 WS2812B5050 in C:\Users\malcolm\Documents\GitHub\Umbrella\PCB\Imported Adafruit ESP8266 Feather.PrjPcb\Adafruit ESP8266 Feather.SchDoc with WS2812B5050 from adafruit.SCHLIB
Replace Part D2 WS2812B5050 in C:\Users\malcolm\Documents\GitHub\Umbrella\PCB\Imported Adafruit ESP8266 Feather.PrjPcb\Adafruit ESP8266 Feather.SchDoc with WS2812B5050 from adafruit.SCHLIB
Replace Part D3 WS2812B5050 in C:\Users\malcolm\Documents\GitHub\Umbrella\PCB\Imported Adafruit ESP8266 Feather.PrjPcb\Adafruit ESP8266 Feather.SchDoc with WS2812B5050 from adafruit.SCHLIB
Replace Part D4 DIODE-SCHOTTKY-B340A in C:\Users\malcolm\Documents\GitHub\Umbrella\PCB\Imported Adafruit ESP8266 Feather.PrjPcb\Adafruit ESP8266 Feather.SchDoc with DIODE-SCHOTTKY-B340A from SparkFun-DiscreteSemi.SCHLIB
Replace Part D5 LED5MM in C:\Users\malcolm\Documents\GitHub\Umbrella\PCB\Imported Adafruit ESP8266 Feather.PrjPcb\Adafruit ESP8266 Feather.SchDoc with LED5MM from SparkFun-LED.SCHLIB
Replace Part D6 LED5MM in C:\Users\malcolm\Documents\GitHub\Umbrella\PCB\Imported Adafruit ESP8266 Feather.PrjPcb\Adafruit ESP8266 Feather.SchDoc with LED5MM from SparkFun-LED.SCHLIB
Replace Part D7 LED5MM in C:\Users\malcolm\Documents\GitHub\Umbrella\PCB\Imported Adafruit ESP8266 Feather.PrjPcb\Adafruit ESP8266 Feather.SchDoc with LED5MM from SparkFun-LED.SCHLIB
Replace Part D8 LED-0603 in C:\Users\malcolm\Documents\GitHub\Umbrella\PCB\Imported Adafruit ESP8266 Feather.PrjPcb\Adafruit ESP8266 Feather.SchDoc with LED-0603 from Discrete.IntLib
Replace Part D9 LED-RED0603 in C:\Users\malcolm\Documents\GitHub\Umbrella\PCB\Imported Adafruit ESP8266 Feather.PrjPcb\Adafruit ESP8266 Feather.SchDoc with LED-RED0603 from SparkFun-LED.SCHLIB
Replace Part J1 JST_2MM_MALE in C:\Users\malcolm\Documents\GitHub\Umbrella\PCB\Imported Adafruit ESP8266 Feather.PrjPcb\Adafruit ESP8266 Feather.SchDoc with JST_2MM_MALE from SparkFun-Connectors.SCHLIB
Replace Part P1 Header 6 in C:\Users\malcolm\Documents\GitHub\Umbrella\PCB\Imported Adafruit ESP8266 Feather.PrjPcb\Adafruit ESP8266 Feather.SchDoc with Header 6 from Miscellaneous Connectors.IntLib
Replace Part R1 Res3 in C:\Users\malcolm\Documents\GitHub\Umbrella\PCB\Imported Adafruit ESP8266 Feather.PrjPcb\Adafruit ESP8266 Feather.SchDoc with Res3 from Miscellaneous Devices.IntLib
Replace Part R2 Res3 in C:\Users\malcolm\Documents\GitHub\Umbrella\PCB\Imported Adafruit ESP8266 Feather.PrjPcb\Adafruit ESP8266 Feather.SchDoc with Res3 from Miscellaneous Devices.IntLib
Replace Part R3 Res3 in C:\Users\malcolm\Documents\GitHub\Umbrella\PCB\Imported Adafruit ESP8266 Feather.PrjPcb\Adafruit ESP8266 Feather.SchDoc with Res3 from Miscellaneous Devices.IntLib
Replace Part R4 Res3 in C:\Users\malcolm\Documents\GitHub\Umbrella\PCB\Imported Adafruit ESP8266 Feather.PrjPcb\Adafruit ESP8266 Feather.SchDoc with Res3 from Miscellaneous Devices.IntLib
Replace Part R5 Res3 in C:\Users\malcolm\Documents\GitHub\Umbrella\PCB\Imported Adafruit ESP8266 Feather.PrjPcb\Adafruit ESP8266 Feather.SchDoc with Res3 from Miscellaneous Devices.IntLib
Replace Part R6 Res3 in C:\Users\malcolm\Documents\GitHub\Umbrella\PCB\Imported Adafruit ESP8266 Feather.PrjPcb\Adafruit ESP8266 Feather.SchDoc with Res3 from Miscellaneous Devices.IntLib
Replace Part R7 Res3 in C:\Users\malcolm\Documents\GitHub\Umbrella\PCB\Imported Adafruit ESP8266 Feather.PrjPcb\Adafruit ESP8266 Feather.SchDoc with Res3 from Miscellaneous Devices.IntLib
Replace Part R8 Res3 in C:\Users\malcolm\Documents\GitHub\Umbrella\PCB\Imported Adafruit ESP8266 Feather.PrjPcb\Adafruit ESP8266 Feather.SchDoc with Res3 from Miscellaneous Devices.IntLib
Replace Part R9 Res3 in C:\Users\malcolm\Documents\GitHub\Umbrella\PCB\Imported Adafruit ESP8266 Feather.PrjPcb\Adafruit ESP8266 Feather.SchDoc with Res3 from Miscellaneous Devices.IntLib
Replace Part R10 Res3 in C:\Users\malcolm\Documents\GitHub\Umbrella\PCB\Imported Adafruit ESP8266 Feather.PrjPcb\Adafruit ESP8266 Feather.SchDoc with Res3 from Miscellaneous Devices.IntLib
Replace Part R11 Res3 in C:\Users\malcolm\Documents\GitHub\Umbrella\PCB\Imported Adafruit ESP8266 Feather.PrjPcb\Adafruit ESP8266 Feather.SchDoc with Res3 from Miscellaneous Devices.IntLib
Replace Part R12 Res3 in C:\Users\malcolm\Documents\GitHub\Umbrella\PCB\Imported Adafruit ESP8266 Feather.PrjPcb\Adafruit ESP8266 Feather.SchDoc with Res3 from Miscellaneous Devices.IntLib
Replace Part R13 Res3 in C:\Users\malcolm\Documents\GitHub\Umbrella\PCB\Imported Adafruit ESP8266 Feather.PrjPcb\Adafruit ESP8266 Feather.SchDoc with Res3 from Miscellaneous Devices.IntLib
Replace Part R14 Res3 in C:\Users\malcolm\Documents\GitHub\Umbrella\PCB\Imported Adafruit ESP8266 Feather.PrjPcb\Adafruit ESP8266 Feather.SchDoc with Res3 from Miscellaneous Devices.IntLib
Replace Part SW1 SPST_TACT-KMR2 in C:\Users\malcolm\Documents\GitHub\Umbrella\PCB\Imported Adafruit ESP8266 Feather.PrjPcb\Adafruit ESP8266 Feather.SchDoc with SPST_TACT-KMR2 from adafruit.SCHLIB
Replace Part U1 V_REG_SPX3819-SOT23-5 in C:\Users\malcolm\Documents\GitHub\Umbrella\PCB\Imported Adafruit ESP8266 Feather.PrjPcb\Adafruit ESP8266 Feather.SchDoc with V_REG_SPX3819-SOT23-5 from SparkFun-IC-Power.SCHLIB
Replace Part X1 ESP-12 in C:\Users\malcolm\Documents\GitHub\Umbrella\PCB\Imported Adafruit ESP8266 Feather.PrjPcb\Adafruit ESP8266 Feather.SchDoc with ESP-12 from adafruit.SCHLIB
