Added Component: Designator=D8(LED_5MM)
Added Component: Designator=D9(LED_5MM)
Added Component: Designator=D10(LED_5MM)
Added Component: Designator=Q3(SOT23-3)
Added Component: Designator=R13(J1-0603)
Added Component: Designator=R14(J1-0603)
Added Pin To Net: NetName=VBAT Pin=D8-A
Added Pin To Net: NetName=NetD8_K Pin=D8-K
Added Pin To Net: NetName=VBAT Pin=D9-A
Added Pin To Net: NetName=NetD8_K Pin=D9-K
Added Pin To Net: NetName=VBAT Pin=D10-A
Added Pin To Net: NetName=NetD8_K Pin=D10-K
Added Pin To Net: NetName=NetQ3_1 Pin=Q3-1
Added Pin To Net: NetName=GND Pin=Q3-2
Added Pin To Net: NetName=NetQ3_3 Pin=Q3-3
Added Pin To Net: NetName=LED_DAT Pin=R13-1
Added Pin To Net: NetName=NetQ3_1 Pin=R13-2
Added Pin To Net: NetName=NetQ3_3 Pin=R14-1
Added Pin To Net: NetName=NetD8_K Pin=R14-2
Added Member To Class: ClassName=Adafruit ESP8266 Feather Member=Component D8 LED 5mm
Added Member To Class: ClassName=Adafruit ESP8266 Feather Member=Component D9 LED 5mm
Added Member To Class: ClassName=Adafruit ESP8266 Feather Member=Component D10 LED 5mm
Added Member To Class: ClassName=Adafruit ESP8266 Feather Member=Component Q3 mmbt2222
Added Member To Class: ClassName=Adafruit ESP8266 Feather Member=Component R13 Res3
Added Member To Class: ClassName=Adafruit ESP8266 Feather Member=Component R14 Res3
Change Room Name: Old Name=RoomDefinition_3 New Name=Adafruit ESP8266 Feather
Change Room Scope: Old Scope=InComponentClass('Components Class 1') New Scope=InComponentClass('Adafruit ESP8266 Feather')
