Removed Pin From Net: NetName=DTR Pin=R4-1
Removed Pin From Net: NetName=NetQ1_1 Pin=R4-2
Removed Pin From Net: NetName=RTS Pin=R5-1
Removed Pin From Net: NetName=NetQ2_1 Pin=R5-2
Removed Pin From Net: NetName=VBUS Pin=U2-1
Removed Pin From Net: NetName=GND Pin=U2-2
Removed Pin From Net: NetName=3.3V Pin=U2-5
Removed Member From Class: ClassName=Adafruit ESP8266 Feather Member=C8
Removed Member From Class: ClassName=Adafruit ESP8266 Feather Member=U2
Change Component Designator: OldDesignator=C1 NewDesignator=C4
Change Component Designator: OldDesignator=C2 NewDesignator=C5
Change Component Designator: OldDesignator=C3 NewDesignator=C7
Change Component Designator: OldDesignator=C4 NewDesignator=C6
Change Component Designator: OldDesignator=C6 NewDesignator=C1
Change Component Designator: OldDesignator=C7 NewDesignator=C3
Change Component Designator: OldDesignator=C8 NewDesignator=C2
Change Component Designator: OldDesignator=D1 NewDesignator=D9
Change Component Designator: OldDesignator=D3 NewDesignator=D8
Change Component Designator: OldDesignator=D5 NewDesignator=D1
Change Component Designator: OldDesignator=D6 NewDesignator=D2
Change Component Designator: OldDesignator=D7 NewDesignator=D3
Change Component Designator: OldDesignator=R1 NewDesignator=R7
Change Component Designator: OldDesignator=R2 NewDesignator=R12
Change Component Designator: OldDesignator=R3 NewDesignator=R1
Change Component Designator: OldDesignator=R6 NewDesignator=R8
Change Component Designator: OldDesignator=R7 NewDesignator=R3
Change Component Designator: OldDesignator=R8 NewDesignator=R13
Change Component Designator: OldDesignator=R9 NewDesignator=R6
Change Component Designator: OldDesignator=R10 NewDesignator=R14
Change Component Designator: OldDesignator=R12 NewDesignator=R2
Change Component Designator: OldDesignator=X2 NewDesignator=X1
Added Component: Designator=D5(LED_5MM)
Added Component: Designator=D6(LED_5MM)
Added Component: Designator=D7(LED_5MM)
Added Component: Designator=Q3(SOT23-3)
Added Component: Designator=R9(J1-0603)
Added Component: Designator=R10(J1-0603)
Added Component: Designator=U1(SOT23-5)
Added Pin To Net: NetName=VBAT Pin=D5-A
Added Pin To Net: NetName=VBAT Pin=D6-A
Added Pin To Net: NetName=VBAT Pin=D7-A
Added Pin To Net: NetName=NetQ3_1 Pin=Q3-1
Added Pin To Net: NetName=GND Pin=Q3-2
Added Pin To Net: NetName=NetQ3_3 Pin=Q3-3
Added Pin To Net: NetName=NetQ3_3 Pin=R4-1
Added Pin To Net: NetName=LED_DAT Pin=R5-1
Added Pin To Net: NetName=NetQ3_1 Pin=R5-2
Added Pin To Net: NetName=RTS Pin=R5-1
Added Pin To Net: NetName=NetQ2_1 Pin=R5-2
Added Pin To Net: NetName=DTR Pin=R4-1
Added Pin To Net: NetName=NetQ1_1 Pin=R4-2
Added Pin To Net: NetName=VBUS Pin=U1-1
Added Pin To Net: NetName=GND Pin=U1-2
Added Pin To Net: NetName=3.3V Pin=U1-5
Change Net Name : Old Net Name=NetD1_C New Net Name=NetD9_C
Change Net Name : Old Net Name=NetD3_C New Net Name=NetD8_C
Change Net Name : Old Net Name=NetD5_2-DOUT New Net Name=NetD1_2-DOUT
Change Net Name : Old Net Name=NetD5_4-DIN New Net Name=NetD1_4-DIN
Change Net Name : Old Net Name=NetD6_2-DOUT New Net Name=NetD2_2-DOUT
Change Net Name : Old Net Name=NetR2_2 New Net Name=NetR12_2
Change Net Name : Old Net Name=NetR8_1 New Net Name=NetR13_1
Added Pin To Net: NetName=NetD5_K Pin=D5-K
Added Pin To Net: NetName=NetD5_K Pin=D6-K
Added Pin To Net: NetName=NetD5_K Pin=D7-K
Added Pin To Net: NetName=NetD5_K Pin=R4-2
Added Net: Name=NetD5_K
Added Pin To Net: NetName=NetR3_1 Pin=R3-1
Added Pin To Net: NetName=NetR3_1 Pin=U1-3
Added Net: Name=NetR3_1
Added Member To Class: ClassName=Adafruit ESP8266 Feather Member=Component C5 1µF
Added Member To Class: ClassName=Adafruit ESP8266 Feather Member=Component D6 LED 5mm
Added Member To Class: ClassName=Adafruit ESP8266 Feather Member=Component D7 LED 5mm
Added Member To Class: ClassName=Adafruit ESP8266 Feather Member=Component D8 Red
Added Member To Class: ClassName=Adafruit ESP8266 Feather Member=Component D9 Orange
Added Member To Class: ClassName=Adafruit ESP8266 Feather Member=Component Q3 mmbt2222
Added Member To Class: ClassName=Adafruit ESP8266 Feather Member=Component R13 Res3
Added Member To Class: ClassName=Adafruit ESP8266 Feather Member=Component R14 Res3
Added Member To Class: ClassName=Adafruit ESP8266 Feather Member=Component U1 SPX3819
Added Member To Class: ClassName=Adafruit ESP8266 Feather Member=Component U3 MCP73831T-2ACI/OT
Change Room Name: Old Name=RoomDefinition_3 New Name=Adafruit ESP8266 Feather
Change Room Scope: Old Scope=InComponentClass('Components Class 1') New Scope=InComponentClass('Adafruit ESP8266 Feather')
